2026-06-10 21:59:49,769 - INFO - TEST LOG WORKING
2026-06-10 21:59:49,770 - INFO - Fetching student 1
2026-06-12 21:18:54,974 - INFO - TEST LOG WORKING
2026-06-12 21:18:54,975 - INFO - Fetching student 1
departments.html subjects.html attendance.html exams.html marks.html fees.html login.html2026-06-30 16:07:45,230 - INFO - TEST LOG WORKING
2026-06-30 16:07:45,244 - INFO - Fetching student 1
2026-06-30 18:46:20,390 - INFO - TEST LOG WORKING
2026-06-30 18:46:20,395 - INFO - Fetching student 1
2026-07-01 07:39:20,442 - INFO - Creating student Ram
2026-07-01 07:39:51,105 - INFO - TEST LOG WORKING
2026-07-01 07:39:51,105 - INFO - Fetching student 61
2026-07-01 07:39:54,506 - INFO - TEST LOG WORKING
2026-07-01 07:39:54,506 - INFO - Fetching student 61
2026-07-01 07:39:55,780 - INFO - TEST LOG WORKING
2026-07-01 07:39:55,781 - INFO - Fetching student 61
2026-07-01 07:39:56,359 - INFO - TEST LOG WORKING
2026-07-01 07:39:56,359 - INFO - Fetching student 61
2026-07-01 07:39:56,552 - INFO - TEST LOG WORKING
2026-07-01 07:39:56,552 - INFO - Fetching student 61
2026-07-01 07:40:02,028 - INFO - TEST LOG WORKING
2026-07-01 07:40:02,029 - INFO - Fetching student 7
2026-07-01 07:40:02,086 - INFO - TEST LOG WORKING
2026-07-01 07:40:02,087 - INFO - Fetching student 7
2026-07-01 07:40:06,905 - INFO - TEST LOG WORKING
2026-07-01 07:40:06,905 - INFO - Fetching student 61
2026-07-01 10:34:26,322 - INFO - Creating student anju
2026-07-01 11:10:59,944 - INFO - Creating student preethi
2026-07-01 11:11:11,259 - INFO - TEST LOG WORKING
2026-07-01 11:11:11,259 - INFO - Fetching student 61
2026-07-01 11:11:25,815 - INFO - TEST LOG WORKING
2026-07-01 11:11:25,815 - INFO - Fetching student 61
2026-07-01 14:32:42,289 - INFO - Creating student preethi
2026-07-08 15:28:32,321 - INFO - TEST LOG WORKING
2026-07-08 15:28:32,329 - INFO - Fetching student 1
2026-07-09 08:05:28,798 - INFO - Creating student anju
